

Started GET "/" for 127.0.0.1 at 2014-11-22 13:19:26 +0530
Processing by Rails::WelcomeController#index as HTML
  Rendered /home/chiragv/.rvm/gems/ruby-2.1.1/gems/railties-4.0.12/lib/rails/templates/rails/welcome/index.html.erb (1.4ms)
Completed 200 OK in 6ms (Views: 5.4ms | ActiveRecord: 0.0ms)


Started GET "/" for 127.0.0.1 at 2014-11-22 13:22:08 +0530

AbstractController::ActionNotFound (The action 'index' could not be found for HomeController):
  actionpack (4.0.12) lib/abstract_controller/base.rb:131:in `process'
  actionpack (4.0.12) lib/abstract_controller/rendering.rb:44:in `process'
  actionpack (4.0.12) lib/action_controller/metal.rb:195:in `dispatch'
  actionpack (4.0.12) lib/action_controller/metal/rack_delegation.rb:13:in `dispatch'
  actionpack (4.0.12) lib/action_controller/metal.rb:231:in `block in action'
  actionpack (4.0.12) lib/action_dispatch/routing/route_set.rb:82:in `call'
  actionpack (4.0.12) lib/action_dispatch/routing/route_set.rb:82:in `dispatch'
  actionpack (4.0.12) lib/action_dispatch/routing/route_set.rb:50:in `call'
  actionpack (4.0.12) lib/action_dispatch/journey/router.rb:71:in `block in call'
  actionpack (4.0.12) lib/action_dispatch/journey/router.rb:59:in `each'
  actionpack (4.0.12) lib/action_dispatch/journey/router.rb:59:in `call'
  actionpack (4.0.12) lib/action_dispatch/routing/route_set.rb:676:in `call'
  rack (1.5.2) lib/rack/etag.rb:23:in `call'
  rack (1.5.2) lib/rack/conditionalget.rb:25:in `call'
  rack (1.5.2) lib/rack/head.rb:11:in `call'
  actionpack (4.0.12) lib/action_dispatch/middleware/params_parser.rb:27:in `call'
  actionpack (4.0.12) lib/action_dispatch/middleware/flash.rb:241:in `call'
  rack (1.5.2) lib/rack/session/abstract/id.rb:225:in `context'
  rack (1.5.2) lib/rack/session/abstract/id.rb:220:in `call'
  actionpack (4.0.12) lib/action_dispatch/middleware/cookies.rb:486:in `call'
  activerecord (4.0.12) lib/active_record/query_cache.rb:36:in `call'
  activerecord (4.0.12) lib/active_record/connection_adapters/abstract/connection_pool.rb:626:in `call'
  activerecord (4.0.12) lib/active_record/migration.rb:373:in `call'
  actionpack (4.0.12) lib/action_dispatch/middleware/callbacks.rb:29:in `block in call'
  activesupport (4.0.12) lib/active_support/callbacks.rb:373:in `_run__2834142296612386205__call__callbacks'
  activesupport (4.0.12) lib/active_support/callbacks.rb:80:in `run_callbacks'
  actionpack (4.0.12) lib/action_dispatch/middleware/callbacks.rb:27:in `call'
  actionpack (4.0.12) lib/action_dispatch/middleware/reloader.rb:64:in `call'
  actionpack (4.0.12) lib/action_dispatch/middleware/remote_ip.rb:76:in `call'
  actionpack (4.0.12) lib/action_dispatch/middleware/debug_exceptions.rb:17:in `call'
  actionpack (4.0.12) lib/action_dispatch/middleware/show_exceptions.rb:30:in `call'
  railties (4.0.12) lib/rails/rack/logger.rb:38:in `call_app'
  railties (4.0.12) lib/rails/rack/logger.rb:20:in `block in call'
  activesupport (4.0.12) lib/active_support/tagged_logging.rb:68:in `block in tagged'
  activesupport (4.0.12) lib/active_support/tagged_logging.rb:26:in `tagged'
  activesupport (4.0.12) lib/active_support/tagged_logging.rb:68:in `tagged'
  railties (4.0.12) lib/rails/rack/logger.rb:20:in `call'
  actionpack (4.0.12) lib/action_dispatch/middleware/request_id.rb:21:in `call'
  rack (1.5.2) lib/rack/methodoverride.rb:21:in `call'
  rack (1.5.2) lib/rack/runtime.rb:17:in `call'
  activesupport (4.0.12) lib/active_support/cache/strategy/local_cache.rb:83:in `call'
  rack (1.5.2) lib/rack/lock.rb:17:in `call'
  actionpack (4.0.12) lib/action_dispatch/middleware/static.rb:84:in `call'
  rack (1.5.2) lib/rack/sendfile.rb:112:in `call'
  railties (4.0.12) lib/rails/engine.rb:511:in `call'
  railties (4.0.12) lib/rails/application.rb:97:in `call'
  rack (1.5.2) lib/rack/lock.rb:17:in `call'
  rack (1.5.2) lib/rack/content_length.rb:14:in `call'
  rack (1.5.2) lib/rack/handler/webrick.rb:60:in `service'
  /home/chiragv/.rvm/rubies/ruby-2.1.1/lib/ruby/2.1.0/webrick/httpserver.rb:138:in `service'
  /home/chiragv/.rvm/rubies/ruby-2.1.1/lib/ruby/2.1.0/webrick/httpserver.rb:94:in `run'
  /home/chiragv/.rvm/rubies/ruby-2.1.1/lib/ruby/2.1.0/webrick/server.rb:295:in `block in start_thread'


  Rendered /home/chiragv/.rvm/gems/ruby-2.1.1/gems/actionpack-4.0.12/lib/action_dispatch/middleware/templates/rescues/unknown_action.erb within rescues/layout (1.1ms)


Started GET "/" for 127.0.0.1 at 2014-11-22 13:22:25 +0530
Processing by HomeController#index as HTML
Completed 500 Internal Server Error in 2ms

ActionView::MissingTemplate (Missing template home/index, application/index with {:locale=>[:en], :formats=>[:html], :handlers=>[:erb, :builder, :raw, :ruby]}. Searched in:
  * "/home/chiragv/opensource/custom_cache/spec/dummy/app/views"
):
  actionpack (4.0.12) lib/action_view/path_set.rb:46:in `find'
  actionpack (4.0.12) lib/action_view/lookup_context.rb:122:in `find'
  actionpack (4.0.12) lib/action_view/renderer/abstract_renderer.rb:18:in `find_template'
  actionpack (4.0.12) lib/action_view/renderer/template_renderer.rb:35:in `determine_template'
  actionpack (4.0.12) lib/action_view/renderer/template_renderer.rb:8:in `render'
  actionpack (4.0.12) lib/action_view/renderer/renderer.rb:42:in `render_template'
  actionpack (4.0.12) lib/action_view/renderer/renderer.rb:23:in `render'
  actionpack (4.0.12) lib/abstract_controller/rendering.rb:127:in `_render_template'
  actionpack (4.0.12) lib/action_controller/metal/streaming.rb:219:in `_render_template'
  actionpack (4.0.12) lib/abstract_controller/rendering.rb:120:in `render_to_body'
  actionpack (4.0.12) lib/action_controller/metal/rendering.rb:33:in `render_to_body'
  actionpack (4.0.12) lib/action_controller/metal/renderers.rb:26:in `render_to_body'
  actionpack (4.0.12) lib/abstract_controller/rendering.rb:97:in `render'
  actionpack (4.0.12) lib/action_controller/metal/rendering.rb:16:in `render'
  actionpack (4.0.12) lib/action_controller/metal/instrumentation.rb:41:in `block (2 levels) in render'
  activesupport (4.0.12) lib/active_support/core_ext/benchmark.rb:12:in `block in ms'
  /home/chiragv/.rvm/rubies/ruby-2.1.1/lib/ruby/2.1.0/benchmark.rb:294:in `realtime'
  activesupport (4.0.12) lib/active_support/core_ext/benchmark.rb:12:in `ms'
  actionpack (4.0.12) lib/action_controller/metal/instrumentation.rb:41:in `block in render'
  actionpack (4.0.12) lib/action_controller/metal/instrumentation.rb:84:in `cleanup_view_runtime'
  activerecord (4.0.12) lib/active_record/railties/controller_runtime.rb:25:in `cleanup_view_runtime'
  actionpack (4.0.12) lib/action_controller/metal/instrumentation.rb:40:in `render'
  actionpack (4.0.12) lib/action_controller/metal/implicit_render.rb:10:in `default_render'
  actionpack (4.0.12) lib/action_controller/metal/implicit_render.rb:5:in `send_action'
  actionpack (4.0.12) lib/abstract_controller/base.rb:189:in `process_action'
  actionpack (4.0.12) lib/action_controller/metal/rendering.rb:10:in `process_action'
  actionpack (4.0.12) lib/abstract_controller/callbacks.rb:18:in `block in process_action'
  activesupport (4.0.12) lib/active_support/callbacks.rb:383:in `_run__4492588424786374599__process_action__callbacks'
  activesupport (4.0.12) lib/active_support/callbacks.rb:80:in `run_callbacks'
  actionpack (4.0.12) lib/abstract_controller/callbacks.rb:17:in `process_action'
  actionpack (4.0.12) lib/action_controller/metal/rescue.rb:29:in `process_action'
  actionpack (4.0.12) lib/action_controller/metal/instrumentation.rb:31:in `block in process_action'
  activesupport (4.0.12) lib/active_support/notifications.rb:159:in `block in instrument'
  activesupport (4.0.12) lib/active_support/notifications/instrumenter.rb:20:in `instrument'
  activesupport (4.0.12) lib/active_support/notifications.rb:159:in `instrument'
  actionpack (4.0.12) lib/action_controller/metal/instrumentation.rb:30:in `process_action'
  actionpack (4.0.12) lib/action_controller/metal/params_wrapper.rb:250:in `process_action'
  activerecord (4.0.12) lib/active_record/railties/controller_runtime.rb:18:in `process_action'
  actionpack (4.0.12) lib/abstract_controller/base.rb:136:in `process'
  actionpack (4.0.12) lib/abstract_controller/rendering.rb:44:in `process'
  actionpack (4.0.12) lib/action_controller/metal.rb:195:in `dispatch'
  actionpack (4.0.12) lib/action_controller/metal/rack_delegation.rb:13:in `dispatch'
  actionpack (4.0.12) lib/action_controller/metal.rb:231:in `block in action'
  actionpack (4.0.12) lib/action_dispatch/routing/route_set.rb:82:in `call'
  actionpack (4.0.12) lib/action_dispatch/routing/route_set.rb:82:in `dispatch'
  actionpack (4.0.12) lib/action_dispatch/routing/route_set.rb:50:in `call'
  actionpack (4.0.12) lib/action_dispatch/journey/router.rb:71:in `block in call'
  actionpack (4.0.12) lib/action_dispatch/journey/router.rb:59:in `each'
  actionpack (4.0.12) lib/action_dispatch/journey/router.rb:59:in `call'
  actionpack (4.0.12) lib/action_dispatch/routing/route_set.rb:676:in `call'
  rack (1.5.2) lib/rack/etag.rb:23:in `call'
  rack (1.5.2) lib/rack/conditionalget.rb:25:in `call'
  rack (1.5.2) lib/rack/head.rb:11:in `call'
  actionpack (4.0.12) lib/action_dispatch/middleware/params_parser.rb:27:in `call'
  actionpack (4.0.12) lib/action_dispatch/middleware/flash.rb:241:in `call'
  rack (1.5.2) lib/rack/session/abstract/id.rb:225:in `context'
  rack (1.5.2) lib/rack/session/abstract/id.rb:220:in `call'
  actionpack (4.0.12) lib/action_dispatch/middleware/cookies.rb:486:in `call'
  activerecord (4.0.12) lib/active_record/query_cache.rb:36:in `call'
  activerecord (4.0.12) lib/active_record/connection_adapters/abstract/connection_pool.rb:626:in `call'
  activerecord (4.0.12) lib/active_record/migration.rb:373:in `call'
  actionpack (4.0.12) lib/action_dispatch/middleware/callbacks.rb:29:in `block in call'
  activesupport (4.0.12) lib/active_support/callbacks.rb:373:in `_run__2834142296612386205__call__callbacks'
  activesupport (4.0.12) lib/active_support/callbacks.rb:80:in `run_callbacks'
  actionpack (4.0.12) lib/action_dispatch/middleware/callbacks.rb:27:in `call'
  actionpack (4.0.12) lib/action_dispatch/middleware/reloader.rb:64:in `call'
  actionpack (4.0.12) lib/action_dispatch/middleware/remote_ip.rb:76:in `call'
  actionpack (4.0.12) lib/action_dispatch/middleware/debug_exceptions.rb:17:in `call'
  actionpack (4.0.12) lib/action_dispatch/middleware/show_exceptions.rb:30:in `call'
  railties (4.0.12) lib/rails/rack/logger.rb:38:in `call_app'
  railties (4.0.12) lib/rails/rack/logger.rb:20:in `block in call'
  activesupport (4.0.12) lib/active_support/tagged_logging.rb:68:in `block in tagged'
  activesupport (4.0.12) lib/active_support/tagged_logging.rb:26:in `tagged'
  activesupport (4.0.12) lib/active_support/tagged_logging.rb:68:in `tagged'
  railties (4.0.12) lib/rails/rack/logger.rb:20:in `call'
  actionpack (4.0.12) lib/action_dispatch/middleware/request_id.rb:21:in `call'
  rack (1.5.2) lib/rack/methodoverride.rb:21:in `call'
  rack (1.5.2) lib/rack/runtime.rb:17:in `call'
  activesupport (4.0.12) lib/active_support/cache/strategy/local_cache.rb:83:in `call'
  rack (1.5.2) lib/rack/lock.rb:17:in `call'
  actionpack (4.0.12) lib/action_dispatch/middleware/static.rb:84:in `call'
  rack (1.5.2) lib/rack/sendfile.rb:112:in `call'
  railties (4.0.12) lib/rails/engine.rb:511:in `call'
  railties (4.0.12) lib/rails/application.rb:97:in `call'
  rack (1.5.2) lib/rack/lock.rb:17:in `call'
  rack (1.5.2) lib/rack/content_length.rb:14:in `call'
  rack (1.5.2) lib/rack/handler/webrick.rb:60:in `service'
  /home/chiragv/.rvm/rubies/ruby-2.1.1/lib/ruby/2.1.0/webrick/httpserver.rb:138:in `service'
  /home/chiragv/.rvm/rubies/ruby-2.1.1/lib/ruby/2.1.0/webrick/httpserver.rb:94:in `run'
  /home/chiragv/.rvm/rubies/ruby-2.1.1/lib/ruby/2.1.0/webrick/server.rb:295:in `block in start_thread'


  Rendered /home/chiragv/.rvm/gems/ruby-2.1.1/gems/actionpack-4.0.12/lib/action_dispatch/middleware/templates/rescues/missing_template.erb within rescues/layout (0.4ms)


Started GET "/" for 127.0.0.1 at 2014-11-22 13:22:41 +0530
Processing by HomeController#index as HTML
Completed 500 Internal Server Error in 1ms

ActionView::MissingTemplate (Missing template home/index, application/index with {:locale=>[:en], :formats=>[:html], :handlers=>[:erb, :builder, :raw, :ruby]}. Searched in:
  * "/home/chiragv/opensource/custom_cache/spec/dummy/app/views"
):
  actionpack (4.0.12) lib/action_view/path_set.rb:46:in `find'
  actionpack (4.0.12) lib/action_view/lookup_context.rb:122:in `find'
  actionpack (4.0.12) lib/action_view/renderer/abstract_renderer.rb:18:in `find_template'
  actionpack (4.0.12) lib/action_view/renderer/template_renderer.rb:35:in `determine_template'
  actionpack (4.0.12) lib/action_view/renderer/template_renderer.rb:8:in `render'
  actionpack (4.0.12) lib/action_view/renderer/renderer.rb:42:in `render_template'
  actionpack (4.0.12) lib/action_view/renderer/renderer.rb:23:in `render'
  actionpack (4.0.12) lib/abstract_controller/rendering.rb:127:in `_render_template'
  actionpack (4.0.12) lib/action_controller/metal/streaming.rb:219:in `_render_template'
  actionpack (4.0.12) lib/abstract_controller/rendering.rb:120:in `render_to_body'
  actionpack (4.0.12) lib/action_controller/metal/rendering.rb:33:in `render_to_body'
  actionpack (4.0.12) lib/action_controller/metal/renderers.rb:26:in `render_to_body'
  actionpack (4.0.12) lib/abstract_controller/rendering.rb:97:in `render'
  actionpack (4.0.12) lib/action_controller/metal/rendering.rb:16:in `render'
  actionpack (4.0.12) lib/action_controller/metal/instrumentation.rb:41:in `block (2 levels) in render'
  activesupport (4.0.12) lib/active_support/core_ext/benchmark.rb:12:in `block in ms'
  /home/chiragv/.rvm/rubies/ruby-2.1.1/lib/ruby/2.1.0/benchmark.rb:294:in `realtime'
  activesupport (4.0.12) lib/active_support/core_ext/benchmark.rb:12:in `ms'
  actionpack (4.0.12) lib/action_controller/metal/instrumentation.rb:41:in `block in render'
  actionpack (4.0.12) lib/action_controller/metal/instrumentation.rb:84:in `cleanup_view_runtime'
  activerecord (4.0.12) lib/active_record/railties/controller_runtime.rb:25:in `cleanup_view_runtime'
  actionpack (4.0.12) lib/action_controller/metal/instrumentation.rb:40:in `render'
  actionpack (4.0.12) lib/action_controller/metal/implicit_render.rb:10:in `default_render'
  actionpack (4.0.12) lib/action_controller/metal/implicit_render.rb:5:in `send_action'
  actionpack (4.0.12) lib/abstract_controller/base.rb:189:in `process_action'
  actionpack (4.0.12) lib/action_controller/metal/rendering.rb:10:in `process_action'
  actionpack (4.0.12) lib/abstract_controller/callbacks.rb:18:in `block in process_action'
  activesupport (4.0.12) lib/active_support/callbacks.rb:383:in `_run__4492588424786374599__process_action__callbacks'
  activesupport (4.0.12) lib/active_support/callbacks.rb:80:in `run_callbacks'
  actionpack (4.0.12) lib/abstract_controller/callbacks.rb:17:in `process_action'
  actionpack (4.0.12) lib/action_controller/metal/rescue.rb:29:in `process_action'
  actionpack (4.0.12) lib/action_controller/metal/instrumentation.rb:31:in `block in process_action'
  activesupport (4.0.12) lib/active_support/notifications.rb:159:in `block in instrument'
  activesupport (4.0.12) lib/active_support/notifications/instrumenter.rb:20:in `instrument'
  activesupport (4.0.12) lib/active_support/notifications.rb:159:in `instrument'
  actionpack (4.0.12) lib/action_controller/metal/instrumentation.rb:30:in `process_action'
  actionpack (4.0.12) lib/action_controller/metal/params_wrapper.rb:250:in `process_action'
  activerecord (4.0.12) lib/active_record/railties/controller_runtime.rb:18:in `process_action'
  actionpack (4.0.12) lib/abstract_controller/base.rb:136:in `process'
  actionpack (4.0.12) lib/abstract_controller/rendering.rb:44:in `process'
  actionpack (4.0.12) lib/action_controller/metal.rb:195:in `dispatch'
  actionpack (4.0.12) lib/action_controller/metal/rack_delegation.rb:13:in `dispatch'
  actionpack (4.0.12) lib/action_controller/metal.rb:231:in `block in action'
  actionpack (4.0.12) lib/action_dispatch/routing/route_set.rb:82:in `call'
  actionpack (4.0.12) lib/action_dispatch/routing/route_set.rb:82:in `dispatch'
  actionpack (4.0.12) lib/action_dispatch/routing/route_set.rb:50:in `call'
  actionpack (4.0.12) lib/action_dispatch/journey/router.rb:71:in `block in call'
  actionpack (4.0.12) lib/action_dispatch/journey/router.rb:59:in `each'
  actionpack (4.0.12) lib/action_dispatch/journey/router.rb:59:in `call'
  actionpack (4.0.12) lib/action_dispatch/routing/route_set.rb:676:in `call'
  rack (1.5.2) lib/rack/etag.rb:23:in `call'
  rack (1.5.2) lib/rack/conditionalget.rb:25:in `call'
  rack (1.5.2) lib/rack/head.rb:11:in `call'
  actionpack (4.0.12) lib/action_dispatch/middleware/params_parser.rb:27:in `call'
  actionpack (4.0.12) lib/action_dispatch/middleware/flash.rb:241:in `call'
  rack (1.5.2) lib/rack/session/abstract/id.rb:225:in `context'
  rack (1.5.2) lib/rack/session/abstract/id.rb:220:in `call'
  actionpack (4.0.12) lib/action_dispatch/middleware/cookies.rb:486:in `call'
  activerecord (4.0.12) lib/active_record/query_cache.rb:36:in `call'
  activerecord (4.0.12) lib/active_record/connection_adapters/abstract/connection_pool.rb:626:in `call'
  activerecord (4.0.12) lib/active_record/migration.rb:373:in `call'
  actionpack (4.0.12) lib/action_dispatch/middleware/callbacks.rb:29:in `block in call'
  activesupport (4.0.12) lib/active_support/callbacks.rb:373:in `_run__2834142296612386205__call__callbacks'
  activesupport (4.0.12) lib/active_support/callbacks.rb:80:in `run_callbacks'
  actionpack (4.0.12) lib/action_dispatch/middleware/callbacks.rb:27:in `call'
  actionpack (4.0.12) lib/action_dispatch/middleware/reloader.rb:64:in `call'
  actionpack (4.0.12) lib/action_dispatch/middleware/remote_ip.rb:76:in `call'
  actionpack (4.0.12) lib/action_dispatch/middleware/debug_exceptions.rb:17:in `call'
  actionpack (4.0.12) lib/action_dispatch/middleware/show_exceptions.rb:30:in `call'
  railties (4.0.12) lib/rails/rack/logger.rb:38:in `call_app'
  railties (4.0.12) lib/rails/rack/logger.rb:20:in `block in call'
  activesupport (4.0.12) lib/active_support/tagged_logging.rb:68:in `block in tagged'
  activesupport (4.0.12) lib/active_support/tagged_logging.rb:26:in `tagged'
  activesupport (4.0.12) lib/active_support/tagged_logging.rb:68:in `tagged'
  railties (4.0.12) lib/rails/rack/logger.rb:20:in `call'
  actionpack (4.0.12) lib/action_dispatch/middleware/request_id.rb:21:in `call'
  rack (1.5.2) lib/rack/methodoverride.rb:21:in `call'
  rack (1.5.2) lib/rack/runtime.rb:17:in `call'
  activesupport (4.0.12) lib/active_support/cache/strategy/local_cache.rb:83:in `call'
  rack (1.5.2) lib/rack/lock.rb:17:in `call'
  actionpack (4.0.12) lib/action_dispatch/middleware/static.rb:84:in `call'
  rack (1.5.2) lib/rack/sendfile.rb:112:in `call'
  railties (4.0.12) lib/rails/engine.rb:511:in `call'
  railties (4.0.12) lib/rails/application.rb:97:in `call'
  rack (1.5.2) lib/rack/lock.rb:17:in `call'
  rack (1.5.2) lib/rack/content_length.rb:14:in `call'
  rack (1.5.2) lib/rack/handler/webrick.rb:60:in `service'
  /home/chiragv/.rvm/rubies/ruby-2.1.1/lib/ruby/2.1.0/webrick/httpserver.rb:138:in `service'
  /home/chiragv/.rvm/rubies/ruby-2.1.1/lib/ruby/2.1.0/webrick/httpserver.rb:94:in `run'
  /home/chiragv/.rvm/rubies/ruby-2.1.1/lib/ruby/2.1.0/webrick/server.rb:295:in `block in start_thread'


  Rendered /home/chiragv/.rvm/gems/ruby-2.1.1/gems/actionpack-4.0.12/lib/action_dispatch/middleware/templates/rescues/missing_template.erb within rescues/layout (0.5ms)


Started GET "/" for 127.0.0.1 at 2014-11-22 13:31:02 +0530
Processing by HomeController#index as HTML
Completed 500 Internal Server Error in 5ms

ActionView::MissingTemplate (Missing template home/index, application/index with {:locale=>[:en], :formats=>[:html], :handlers=>[:erb, :builder, :raw, :ruby]}. Searched in:
  * "/home/chiragv/opensource/custom_cache/spec/dummy/app/views"
):
  actionpack (4.0.12) lib/action_view/path_set.rb:46:in `find'
  actionpack (4.0.12) lib/action_view/lookup_context.rb:122:in `find'
  actionpack (4.0.12) lib/action_view/renderer/abstract_renderer.rb:18:in `find_template'
  actionpack (4.0.12) lib/action_view/renderer/template_renderer.rb:35:in `determine_template'
  actionpack (4.0.12) lib/action_view/renderer/template_renderer.rb:8:in `render'
  actionpack (4.0.12) lib/action_view/renderer/renderer.rb:42:in `render_template'
  actionpack (4.0.12) lib/action_view/renderer/renderer.rb:23:in `render'
  actionpack (4.0.12) lib/abstract_controller/rendering.rb:127:in `_render_template'
  actionpack (4.0.12) lib/action_controller/metal/streaming.rb:219:in `_render_template'
  actionpack (4.0.12) lib/abstract_controller/rendering.rb:120:in `render_to_body'
  actionpack (4.0.12) lib/action_controller/metal/rendering.rb:33:in `render_to_body'
  actionpack (4.0.12) lib/action_controller/metal/renderers.rb:26:in `render_to_body'
  actionpack (4.0.12) lib/abstract_controller/rendering.rb:97:in `render'
  actionpack (4.0.12) lib/action_controller/metal/rendering.rb:16:in `render'
  actionpack (4.0.12) lib/action_controller/metal/instrumentation.rb:41:in `block (2 levels) in render'
  activesupport (4.0.12) lib/active_support/core_ext/benchmark.rb:12:in `block in ms'
  /home/chiragv/.rvm/rubies/ruby-2.1.1/lib/ruby/2.1.0/benchmark.rb:294:in `realtime'
  activesupport (4.0.12) lib/active_support/core_ext/benchmark.rb:12:in `ms'
  actionpack (4.0.12) lib/action_controller/metal/instrumentation.rb:41:in `block in render'
  actionpack (4.0.12) lib/action_controller/metal/instrumentation.rb:84:in `cleanup_view_runtime'
  activerecord (4.0.12) lib/active_record/railties/controller_runtime.rb:25:in `cleanup_view_runtime'
  actionpack (4.0.12) lib/action_controller/metal/instrumentation.rb:40:in `render'
  actionpack (4.0.12) lib/action_controller/metal/implicit_render.rb:10:in `default_render'
  actionpack (4.0.12) lib/action_controller/metal/implicit_render.rb:5:in `send_action'
  actionpack (4.0.12) lib/abstract_controller/base.rb:189:in `process_action'
  actionpack (4.0.12) lib/action_controller/metal/rendering.rb:10:in `process_action'
  actionpack (4.0.12) lib/abstract_controller/callbacks.rb:18:in `block in process_action'
  activesupport (4.0.12) lib/active_support/callbacks.rb:383:in `_run__2154443056835750658__process_action__callbacks'
  activesupport (4.0.12) lib/active_support/callbacks.rb:80:in `run_callbacks'
  actionpack (4.0.12) lib/abstract_controller/callbacks.rb:17:in `process_action'
  actionpack (4.0.12) lib/action_controller/metal/rescue.rb:29:in `process_action'
  actionpack (4.0.12) lib/action_controller/metal/instrumentation.rb:31:in `block in process_action'
  activesupport (4.0.12) lib/active_support/notifications.rb:159:in `block in instrument'
  activesupport (4.0.12) lib/active_support/notifications/instrumenter.rb:20:in `instrument'
  activesupport (4.0.12) lib/active_support/notifications.rb:159:in `instrument'
  actionpack (4.0.12) lib/action_controller/metal/instrumentation.rb:30:in `process_action'
  actionpack (4.0.12) lib/action_controller/metal/params_wrapper.rb:250:in `process_action'
  activerecord (4.0.12) lib/active_record/railties/controller_runtime.rb:18:in `process_action'
  actionpack (4.0.12) lib/abstract_controller/base.rb:136:in `process'
  actionpack (4.0.12) lib/abstract_controller/rendering.rb:44:in `process'
  actionpack (4.0.12) lib/action_controller/metal.rb:195:in `dispatch'
  actionpack (4.0.12) lib/action_controller/metal/rack_delegation.rb:13:in `dispatch'
  actionpack (4.0.12) lib/action_controller/metal.rb:231:in `block in action'
  actionpack (4.0.12) lib/action_dispatch/routing/route_set.rb:82:in `call'
  actionpack (4.0.12) lib/action_dispatch/routing/route_set.rb:82:in `dispatch'
  actionpack (4.0.12) lib/action_dispatch/routing/route_set.rb:50:in `call'
  actionpack (4.0.12) lib/action_dispatch/journey/router.rb:71:in `block in call'
  actionpack (4.0.12) lib/action_dispatch/journey/router.rb:59:in `each'
  actionpack (4.0.12) lib/action_dispatch/journey/router.rb:59:in `call'
  actionpack (4.0.12) lib/action_dispatch/routing/route_set.rb:676:in `call'
  rack (1.5.2) lib/rack/etag.rb:23:in `call'
  rack (1.5.2) lib/rack/conditionalget.rb:25:in `call'
  rack (1.5.2) lib/rack/head.rb:11:in `call'
  actionpack (4.0.12) lib/action_dispatch/middleware/params_parser.rb:27:in `call'
  actionpack (4.0.12) lib/action_dispatch/middleware/flash.rb:241:in `call'
  rack (1.5.2) lib/rack/session/abstract/id.rb:225:in `context'
  rack (1.5.2) lib/rack/session/abstract/id.rb:220:in `call'
  actionpack (4.0.12) lib/action_dispatch/middleware/cookies.rb:486:in `call'
  activerecord (4.0.12) lib/active_record/query_cache.rb:36:in `call'
  activerecord (4.0.12) lib/active_record/connection_adapters/abstract/connection_pool.rb:626:in `call'
  activerecord (4.0.12) lib/active_record/migration.rb:373:in `call'
  actionpack (4.0.12) lib/action_dispatch/middleware/callbacks.rb:29:in `block in call'
  activesupport (4.0.12) lib/active_support/callbacks.rb:373:in `_run__619239086034997488__call__callbacks'
  activesupport (4.0.12) lib/active_support/callbacks.rb:80:in `run_callbacks'
  actionpack (4.0.12) lib/action_dispatch/middleware/callbacks.rb:27:in `call'
  actionpack (4.0.12) lib/action_dispatch/middleware/reloader.rb:64:in `call'
  actionpack (4.0.12) lib/action_dispatch/middleware/remote_ip.rb:76:in `call'
  actionpack (4.0.12) lib/action_dispatch/middleware/debug_exceptions.rb:17:in `call'
  actionpack (4.0.12) lib/action_dispatch/middleware/show_exceptions.rb:30:in `call'
  railties (4.0.12) lib/rails/rack/logger.rb:38:in `call_app'
  railties (4.0.12) lib/rails/rack/logger.rb:20:in `block in call'
  activesupport (4.0.12) lib/active_support/tagged_logging.rb:68:in `block in tagged'
  activesupport (4.0.12) lib/active_support/tagged_logging.rb:26:in `tagged'
  activesupport (4.0.12) lib/active_support/tagged_logging.rb:68:in `tagged'
  railties (4.0.12) lib/rails/rack/logger.rb:20:in `call'
  actionpack (4.0.12) lib/action_dispatch/middleware/request_id.rb:21:in `call'
  rack (1.5.2) lib/rack/methodoverride.rb:21:in `call'
  rack (1.5.2) lib/rack/runtime.rb:17:in `call'
  activesupport (4.0.12) lib/active_support/cache/strategy/local_cache.rb:83:in `call'
  rack (1.5.2) lib/rack/lock.rb:17:in `call'
  actionpack (4.0.12) lib/action_dispatch/middleware/static.rb:84:in `call'
  rack (1.5.2) lib/rack/sendfile.rb:112:in `call'
  railties (4.0.12) lib/rails/engine.rb:511:in `call'
  railties (4.0.12) lib/rails/application.rb:97:in `call'
  rack (1.5.2) lib/rack/lock.rb:17:in `call'
  rack (1.5.2) lib/rack/content_length.rb:14:in `call'
  rack (1.5.2) lib/rack/handler/webrick.rb:60:in `service'
  /home/chiragv/.rvm/rubies/ruby-2.1.1/lib/ruby/2.1.0/webrick/httpserver.rb:138:in `service'
  /home/chiragv/.rvm/rubies/ruby-2.1.1/lib/ruby/2.1.0/webrick/httpserver.rb:94:in `run'
  /home/chiragv/.rvm/rubies/ruby-2.1.1/lib/ruby/2.1.0/webrick/server.rb:295:in `block in start_thread'


  Rendered /home/chiragv/.rvm/gems/ruby-2.1.1/gems/actionpack-4.0.12/lib/action_dispatch/middleware/templates/rescues/missing_template.erb within rescues/layout (1.4ms)


Started GET "/" for 127.0.0.1 at 2014-11-22 13:31:57 +0530
Processing by HomeController#index as HTML
  Rendered text template (0.0ms)
Completed 200 OK in 2ms (Views: 1.3ms | ActiveRecord: 0.0ms)


Started GET "/" for 127.0.0.1 at 2014-11-22 13:43:34 +0530

ActionController::RoutingError (undefined local variable or method `uses_custom_cache' for HomeController:Class):
  app/controllers/home_controller.rb:3:in `<class:HomeController>'
  app/controllers/home_controller.rb:1:in `<top (required)>'


  Rendered /home/chiragv/.rvm/gems/ruby-2.1.1/gems/actionpack-4.0.12/lib/action_dispatch/middleware/templates/rescues/_trace.erb (2.6ms)
  Rendered /home/chiragv/.rvm/gems/ruby-2.1.1/gems/actionpack-4.0.12/lib/action_dispatch/middleware/templates/routes/_route.html.erb (0.8ms)
  Rendered /home/chiragv/.rvm/gems/ruby-2.1.1/gems/actionpack-4.0.12/lib/action_dispatch/middleware/templates/routes/_table.html.erb (3.6ms)
  Rendered /home/chiragv/.rvm/gems/ruby-2.1.1/gems/actionpack-4.0.12/lib/action_dispatch/middleware/templates/rescues/routing_error.erb within rescues/layout (21.1ms)


Started GET "/" for 127.0.0.1 at 2014-11-22 13:49:27 +0530

ActionController::RoutingError (undefined local variable or method `uses_custom_cache' for HomeController:Class):
  app/controllers/home_controller.rb:3:in `<class:HomeController>'
  app/controllers/home_controller.rb:1:in `<top (required)>'


  Rendered /home/chiragv/.rvm/gems/ruby-2.1.1/gems/actionpack-4.0.12/lib/action_dispatch/middleware/templates/rescues/_trace.erb (1.2ms)
  Rendered /home/chiragv/.rvm/gems/ruby-2.1.1/gems/actionpack-4.0.12/lib/action_dispatch/middleware/templates/routes/_route.html.erb (0.7ms)
  Rendered /home/chiragv/.rvm/gems/ruby-2.1.1/gems/actionpack-4.0.12/lib/action_dispatch/middleware/templates/routes/_table.html.erb (3.0ms)
  Rendered /home/chiragv/.rvm/gems/ruby-2.1.1/gems/actionpack-4.0.12/lib/action_dispatch/middleware/templates/rescues/routing_error.erb within rescues/layout (14.5ms)


Started GET "/" for 127.0.0.1 at 2014-11-22 13:59:14 +0530
Processing by HomeController#index as HTML
  Rendered text template (0.0ms)
Completed 200 OK in 6ms (Views: 5.3ms | ActiveRecord: 0.0ms)


Started GET "/" for 127.0.0.1 at 2014-11-22 14:01:50 +0530

ActionController::RoutingError (undefined local variable or method `uses_custom_cache' for HomeController:Class):
  app/controllers/home_controller.rb:3:in `<class:HomeController>'
  app/controllers/home_controller.rb:1:in `<top (required)>'


  Rendered /home/chiragv/.rvm/gems/ruby-2.1.1/gems/actionpack-4.0.12/lib/action_dispatch/middleware/templates/rescues/_trace.erb (3.6ms)
  Rendered /home/chiragv/.rvm/gems/ruby-2.1.1/gems/actionpack-4.0.12/lib/action_dispatch/middleware/templates/routes/_route.html.erb (1.1ms)
  Rendered /home/chiragv/.rvm/gems/ruby-2.1.1/gems/actionpack-4.0.12/lib/action_dispatch/middleware/templates/routes/_table.html.erb (3.6ms)
  Rendered /home/chiragv/.rvm/gems/ruby-2.1.1/gems/actionpack-4.0.12/lib/action_dispatch/middleware/templates/rescues/routing_error.erb within rescues/layout (45.3ms)


Started GET "/" for 127.0.0.1 at 2014-11-22 14:02:02 +0530
Processing by HomeController#index as HTML
  Rendered text template (0.0ms)
Completed 200 OK in 2ms (Views: 1.3ms | ActiveRecord: 0.0ms)


Started GET "/" for 127.0.0.1 at 2014-11-22 14:02:32 +0530
Processing by HomeController#index as HTML
  Rendered text template (0.0ms)
Completed 200 OK in 0ms (Views: 0.3ms | ActiveRecord: 0.0ms)


Started GET "/" for 127.0.0.1 at 2014-11-22 14:02:59 +0530
Processing by HomeController#index as HTML
  Rendered text template (0.0ms)
Completed 200 OK in 2ms (Views: 0.9ms | ActiveRecord: 0.0ms)


Started GET "/" for 127.0.0.1 at 2014-11-22 14:05:02 +0530
Processing by HomeController#index as HTML
Completed 500 Internal Server Error in 1ms

NoMethodError (undefined method `write' for "inside session cache method":String):
  app/controllers/home_controller.rb:9:in `index'


  Rendered /home/chiragv/.rvm/gems/ruby-2.1.1/gems/actionpack-4.0.12/lib/action_dispatch/middleware/templates/rescues/_source.erb (1.0ms)
  Rendered /home/chiragv/.rvm/gems/ruby-2.1.1/gems/actionpack-4.0.12/lib/action_dispatch/middleware/templates/rescues/_trace.erb (1.9ms)
  Rendered /home/chiragv/.rvm/gems/ruby-2.1.1/gems/actionpack-4.0.12/lib/action_dispatch/middleware/templates/rescues/_request_and_response.erb (17.1ms)
  Rendered /home/chiragv/.rvm/gems/ruby-2.1.1/gems/actionpack-4.0.12/lib/action_dispatch/middleware/templates/rescues/diagnostics.erb within rescues/layout (29.9ms)


Started GET "/" for 127.0.0.1 at 2014-11-22 14:05:27 +0530
Processing by HomeController#index as HTML
Completed 500 Internal Server Error in 1ms

NameError (uninitialized constant CustomCache::SessionCache):
  app/controllers/home_controller.rb:9:in `index'


  Rendered /home/chiragv/.rvm/gems/ruby-2.1.1/gems/actionpack-4.0.12/lib/action_dispatch/middleware/templates/rescues/_source.erb (0.8ms)
  Rendered /home/chiragv/.rvm/gems/ruby-2.1.1/gems/actionpack-4.0.12/lib/action_dispatch/middleware/templates/rescues/_trace.erb (1.3ms)
  Rendered /home/chiragv/.rvm/gems/ruby-2.1.1/gems/actionpack-4.0.12/lib/action_dispatch/middleware/templates/rescues/_request_and_response.erb (19.9ms)
  Rendered /home/chiragv/.rvm/gems/ruby-2.1.1/gems/actionpack-4.0.12/lib/action_dispatch/middleware/templates/rescues/diagnostics.erb within rescues/layout (31.3ms)


Started GET "/" for 127.0.0.1 at 2014-11-22 14:07:04 +0530
Processing by HomeController#index as HTML
Completed 500 Internal Server Error in 1ms

NameError (uninitialized constant CustomCache::SessionCache):
  app/controllers/home_controller.rb:9:in `index'


  Rendered /home/chiragv/.rvm/gems/ruby-2.1.1/gems/actionpack-4.0.12/lib/action_dispatch/middleware/templates/rescues/_source.erb (0.7ms)
  Rendered /home/chiragv/.rvm/gems/ruby-2.1.1/gems/actionpack-4.0.12/lib/action_dispatch/middleware/templates/rescues/_trace.erb (1.2ms)
  Rendered /home/chiragv/.rvm/gems/ruby-2.1.1/gems/actionpack-4.0.12/lib/action_dispatch/middleware/templates/rescues/_request_and_response.erb (1.0ms)
  Rendered /home/chiragv/.rvm/gems/ruby-2.1.1/gems/actionpack-4.0.12/lib/action_dispatch/middleware/templates/rescues/diagnostics.erb within rescues/layout (10.9ms)


Started GET "/" for 127.0.0.1 at 2014-11-22 14:08:40 +0530
Processing by HomeController#index as HTML
  Rendered text template (0.0ms)
Completed 200 OK in 6ms (Views: 5.4ms | ActiveRecord: 0.0ms)


Started GET "/" for 127.0.0.1 at 2014-11-22 14:10:41 +0530
Processing by HomeController#index as HTML
Completed 500 Internal Server Error in 1ms

NameError (undefined local variable or method `request' for Rails:Module):
  app/controllers/home_controller.rb:9:in `index'


  Rendered /home/chiragv/.rvm/gems/ruby-2.1.1/gems/actionpack-4.0.12/lib/action_dispatch/middleware/templates/rescues/_source.erb (1.0ms)
  Rendered /home/chiragv/.rvm/gems/ruby-2.1.1/gems/actionpack-4.0.12/lib/action_dispatch/middleware/templates/rescues/_trace.erb (1.3ms)
  Rendered /home/chiragv/.rvm/gems/ruby-2.1.1/gems/actionpack-4.0.12/lib/action_dispatch/middleware/templates/rescues/_request_and_response.erb (16.7ms)
  Rendered /home/chiragv/.rvm/gems/ruby-2.1.1/gems/actionpack-4.0.12/lib/action_dispatch/middleware/templates/rescues/diagnostics.erb within rescues/layout (28.5ms)


Started GET "/" for 127.0.0.1 at 2014-11-22 14:11:09 +0530
Processing by HomeController#index as HTML
Completed 500 Internal Server Error in 1ms

NameError (undefined local variable or method `request' for Rails:Module):
  app/controllers/home_controller.rb:10:in `index'


  Rendered /home/chiragv/.rvm/gems/ruby-2.1.1/gems/actionpack-4.0.12/lib/action_dispatch/middleware/templates/rescues/_source.erb (0.8ms)
  Rendered /home/chiragv/.rvm/gems/ruby-2.1.1/gems/actionpack-4.0.12/lib/action_dispatch/middleware/templates/rescues/_trace.erb (1.2ms)
  Rendered /home/chiragv/.rvm/gems/ruby-2.1.1/gems/actionpack-4.0.12/lib/action_dispatch/middleware/templates/rescues/_request_and_response.erb (1.4ms)
  Rendered /home/chiragv/.rvm/gems/ruby-2.1.1/gems/actionpack-4.0.12/lib/action_dispatch/middleware/templates/rescues/diagnostics.erb within rescues/layout (12.6ms)


Started GET "/" for 127.0.0.1 at 2014-11-22 14:28:33 +0530
Processing by HomeController#index as HTML
Completed 500 Internal Server Error in 1ms

NameError (undefined local variable or method `request' for Rails:Module):
  app/controllers/home_controller.rb:10:in `index'


  Rendered /home/chiragv/.rvm/gems/ruby-2.1.1/gems/actionpack-4.0.12/lib/action_dispatch/middleware/templates/rescues/_source.erb (1.0ms)
  Rendered /home/chiragv/.rvm/gems/ruby-2.1.1/gems/actionpack-4.0.12/lib/action_dispatch/middleware/templates/rescues/_trace.erb (1.8ms)
  Rendered /home/chiragv/.rvm/gems/ruby-2.1.1/gems/actionpack-4.0.12/lib/action_dispatch/middleware/templates/rescues/_request_and_response.erb (16.6ms)
  Rendered /home/chiragv/.rvm/gems/ruby-2.1.1/gems/actionpack-4.0.12/lib/action_dispatch/middleware/templates/rescues/diagnostics.erb within rescues/layout (29.1ms)


Started GET "/" for 127.0.0.1 at 2014-11-22 14:29:33 +0530
Processing by HomeController#index as HTML
Completed 500 Internal Server Error in 1ms

NoMethodError (undefined method `request' for ActionController::Base:Class):
  app/controllers/home_controller.rb:12:in `index'


  Rendered /home/chiragv/.rvm/gems/ruby-2.1.1/gems/actionpack-4.0.12/lib/action_dispatch/middleware/templates/rescues/_source.erb (0.7ms)
  Rendered /home/chiragv/.rvm/gems/ruby-2.1.1/gems/actionpack-4.0.12/lib/action_dispatch/middleware/templates/rescues/_trace.erb (1.2ms)
  Rendered /home/chiragv/.rvm/gems/ruby-2.1.1/gems/actionpack-4.0.12/lib/action_dispatch/middleware/templates/rescues/_request_and_response.erb (18.9ms)
  Rendered /home/chiragv/.rvm/gems/ruby-2.1.1/gems/actionpack-4.0.12/lib/action_dispatch/middleware/templates/rescues/diagnostics.erb within rescues/layout (28.3ms)


Started GET "/" for 127.0.0.1 at 2014-11-22 18:07:05 +0530
Processing by HomeController#index as HTML
Completed 500 Internal Server Error in 18ms

NoMethodError (undefined method `request' for ActionController::Base:Class):
  app/controllers/home_controller.rb:14:in `index'


  Rendered /home/chiragv/.rvm/gems/ruby-2.1.1/gems/actionpack-4.0.12/lib/action_dispatch/middleware/templates/rescues/_source.erb (1.1ms)
  Rendered /home/chiragv/.rvm/gems/ruby-2.1.1/gems/actionpack-4.0.12/lib/action_dispatch/middleware/templates/rescues/_trace.erb (1.7ms)
  Rendered /home/chiragv/.rvm/gems/ruby-2.1.1/gems/actionpack-4.0.12/lib/action_dispatch/middleware/templates/rescues/_request_and_response.erb (1.1ms)
  Rendered /home/chiragv/.rvm/gems/ruby-2.1.1/gems/actionpack-4.0.12/lib/action_dispatch/middleware/templates/rescues/diagnostics.erb within rescues/layout (13.0ms)


Started GET "/" for 127.0.0.1 at 2014-11-22 18:09:38 +0530
Processing by HomeController#index as HTML
Completed 500 Internal Server Error in 20ms

NameError (undefined local variable or method `session_id' for #<HomeController:0x000000039c9368>):
  app/controllers/home_controller.rb:15:in `index'


  Rendered /home/chiragv/.rvm/gems/ruby-2.1.1/gems/actionpack-4.0.12/lib/action_dispatch/middleware/templates/rescues/_source.erb (0.7ms)
  Rendered /home/chiragv/.rvm/gems/ruby-2.1.1/gems/actionpack-4.0.12/lib/action_dispatch/middleware/templates/rescues/_trace.erb (1.2ms)
  Rendered /home/chiragv/.rvm/gems/ruby-2.1.1/gems/actionpack-4.0.12/lib/action_dispatch/middleware/templates/rescues/_request_and_response.erb (1.0ms)
  Rendered /home/chiragv/.rvm/gems/ruby-2.1.1/gems/actionpack-4.0.12/lib/action_dispatch/middleware/templates/rescues/diagnostics.erb within rescues/layout (12.8ms)


Started GET "/" for 127.0.0.1 at 2014-11-22 18:10:43 +0530
Processing by HomeController#index as HTML
Completed 500 Internal Server Error in 4ms

NameError (undefined local variable or method `session_id' for #<HomeController:0x000000026eeec8>):
  app/controllers/home_controller.rb:16:in `index'


  Rendered /home/chiragv/.rvm/gems/ruby-2.1.1/gems/actionpack-4.0.12/lib/action_dispatch/middleware/templates/rescues/_source.erb (0.7ms)
  Rendered /home/chiragv/.rvm/gems/ruby-2.1.1/gems/actionpack-4.0.12/lib/action_dispatch/middleware/templates/rescues/_trace.erb (1.2ms)
  Rendered /home/chiragv/.rvm/gems/ruby-2.1.1/gems/actionpack-4.0.12/lib/action_dispatch/middleware/templates/rescues/_request_and_response.erb (1.4ms)
  Rendered /home/chiragv/.rvm/gems/ruby-2.1.1/gems/actionpack-4.0.12/lib/action_dispatch/middleware/templates/rescues/diagnostics.erb within rescues/layout (12.8ms)


Started GET "/" for 127.0.0.1 at 2014-11-22 18:13:55 +0530
Processing by HomeController#index as HTML
Completed 500 Internal Server Error in 19ms

NameError (undefined local variable or method `session_id' for #<HomeController:0x000000035cafa0>):
  app/controllers/home_controller.rb:16:in `index'


  Rendered /home/chiragv/.rvm/gems/ruby-2.1.1/gems/actionpack-4.0.12/lib/action_dispatch/middleware/templates/rescues/_source.erb (0.7ms)
  Rendered /home/chiragv/.rvm/gems/ruby-2.1.1/gems/actionpack-4.0.12/lib/action_dispatch/middleware/templates/rescues/_trace.erb (1.2ms)
  Rendered /home/chiragv/.rvm/gems/ruby-2.1.1/gems/actionpack-4.0.12/lib/action_dispatch/middleware/templates/rescues/_request_and_response.erb (1.4ms)
  Rendered /home/chiragv/.rvm/gems/ruby-2.1.1/gems/actionpack-4.0.12/lib/action_dispatch/middleware/templates/rescues/diagnostics.erb within rescues/layout (16.4ms)


Started GET "/" for 127.0.0.1 at 2014-11-22 18:20:27 +0530
Processing by HomeController#index as HTML
Completed 500 Internal Server Error in 22ms

NameError (undefined local variable or method `session_id' for #<HomeController:0x00000001d45908>):
  app/controllers/home_controller.rb:16:in `index'


  Rendered /home/chiragv/.rvm/gems/ruby-2.1.1/gems/actionpack-4.0.12/lib/action_dispatch/middleware/templates/rescues/_source.erb (0.7ms)
  Rendered /home/chiragv/.rvm/gems/ruby-2.1.1/gems/actionpack-4.0.12/lib/action_dispatch/middleware/templates/rescues/_trace.erb (1.9ms)
  Rendered /home/chiragv/.rvm/gems/ruby-2.1.1/gems/actionpack-4.0.12/lib/action_dispatch/middleware/templates/rescues/_request_and_response.erb (1.5ms)
  Rendered /home/chiragv/.rvm/gems/ruby-2.1.1/gems/actionpack-4.0.12/lib/action_dispatch/middleware/templates/rescues/diagnostics.erb within rescues/layout (15.5ms)


Started GET "/" for 127.0.0.1 at 2014-11-22 18:27:08 +0530
Processing by HomeController#index as HTML
Completed 500 Internal Server Error in 23ms

NameError (undefined local variable or method `session_id' for #<HomeController:0x00000003cc22e0>):
  app/controllers/home_controller.rb:16:in `index'


  Rendered /home/chiragv/.rvm/gems/ruby-2.1.1/gems/actionpack-4.0.12/lib/action_dispatch/middleware/templates/rescues/_source.erb (0.7ms)
  Rendered /home/chiragv/.rvm/gems/ruby-2.1.1/gems/actionpack-4.0.12/lib/action_dispatch/middleware/templates/rescues/_trace.erb (1.9ms)
  Rendered /home/chiragv/.rvm/gems/ruby-2.1.1/gems/actionpack-4.0.12/lib/action_dispatch/middleware/templates/rescues/_request_and_response.erb (1.4ms)
  Rendered /home/chiragv/.rvm/gems/ruby-2.1.1/gems/actionpack-4.0.12/lib/action_dispatch/middleware/templates/rescues/diagnostics.erb within rescues/layout (14.6ms)


Started GET "/" for 127.0.0.1 at 2014-11-22 18:43:20 +0530
Processing by HomeController#index as HTML
Completed 500 Internal Server Error in 19ms

NameError (undefined local variable or method `env' for #<CustomCache::RequestCache:0x00000004d29368>):
  app/controllers/home_controller.rb:19:in `index'


  Rendered /home/chiragv/.rvm/gems/ruby-2.1.1/gems/actionpack-4.0.12/lib/action_dispatch/middleware/templates/rescues/_source.erb (0.7ms)
  Rendered /home/chiragv/.rvm/gems/ruby-2.1.1/gems/actionpack-4.0.12/lib/action_dispatch/middleware/templates/rescues/_trace.erb (1.1ms)
  Rendered /home/chiragv/.rvm/gems/ruby-2.1.1/gems/actionpack-4.0.12/lib/action_dispatch/middleware/templates/rescues/_request_and_response.erb (1.1ms)
  Rendered /home/chiragv/.rvm/gems/ruby-2.1.1/gems/actionpack-4.0.12/lib/action_dispatch/middleware/templates/rescues/diagnostics.erb within rescues/layout (10.9ms)


Started GET "/" for 127.0.0.1 at 2014-11-22 18:44:24 +0530
Processing by HomeController#index as HTML
Completed 500 Internal Server Error in 19ms

NameError (undefined local variable or method `env' for #<CustomCache::RequestCache:0x00000004187780>):
  app/controllers/home_controller.rb:19:in `index'


  Rendered /home/chiragv/.rvm/gems/ruby-2.1.1/gems/actionpack-4.0.12/lib/action_dispatch/middleware/templates/rescues/_source.erb (1.0ms)
  Rendered /home/chiragv/.rvm/gems/ruby-2.1.1/gems/actionpack-4.0.12/lib/action_dispatch/middleware/templates/rescues/_trace.erb (1.1ms)
  Rendered /home/chiragv/.rvm/gems/ruby-2.1.1/gems/actionpack-4.0.12/lib/action_dispatch/middleware/templates/rescues/_request_and_response.erb (1.0ms)
  Rendered /home/chiragv/.rvm/gems/ruby-2.1.1/gems/actionpack-4.0.12/lib/action_dispatch/middleware/templates/rescues/diagnostics.erb within rescues/layout (12.3ms)


Started GET "/" for 127.0.0.1 at 2014-11-22 18:45:42 +0530
Processing by HomeController#index as HTML
Completed 500 Internal Server Error in 24ms

NameError (undefined local variable or method `env' for #<CustomCache::RequestCache:0x0000000401a848>):
  app/controllers/home_controller.rb:19:in `index'


  Rendered /home/chiragv/.rvm/gems/ruby-2.1.1/gems/actionpack-4.0.12/lib/action_dispatch/middleware/templates/rescues/_source.erb (1.5ms)
  Rendered /home/chiragv/.rvm/gems/ruby-2.1.1/gems/actionpack-4.0.12/lib/action_dispatch/middleware/templates/rescues/_trace.erb (2.4ms)
  Rendered /home/chiragv/.rvm/gems/ruby-2.1.1/gems/actionpack-4.0.12/lib/action_dispatch/middleware/templates/rescues/_request_and_response.erb (1.5ms)
  Rendered /home/chiragv/.rvm/gems/ruby-2.1.1/gems/actionpack-4.0.12/lib/action_dispatch/middleware/templates/rescues/diagnostics.erb within rescues/layout (16.2ms)


Started GET "/" for 127.0.0.1 at 2014-11-22 18:59:01 +0530
Processing by HomeController#index as HTML
  Rendered text template (0.0ms)
Completed 200 OK in 23ms (Views: 5.5ms | ActiveRecord: 0.0ms)


Started GET "/" for 127.0.0.1 at 2014-11-22 19:06:29 +0530
Processing by HomeController#index as HTML
Completed 500 Internal Server Error in 21ms

NoMethodError (undefined method `[]' for nil:NilClass):
  app/controllers/home_controller.rb:19:in `index'


  Rendered /home/chiragv/.rvm/gems/ruby-2.1.1/gems/actionpack-4.0.12/lib/action_dispatch/middleware/templates/rescues/_source.erb (1.1ms)
  Rendered /home/chiragv/.rvm/gems/ruby-2.1.1/gems/actionpack-4.0.12/lib/action_dispatch/middleware/templates/rescues/_trace.erb (1.4ms)
  Rendered /home/chiragv/.rvm/gems/ruby-2.1.1/gems/actionpack-4.0.12/lib/action_dispatch/middleware/templates/rescues/_request_and_response.erb (1.8ms)
  Rendered /home/chiragv/.rvm/gems/ruby-2.1.1/gems/actionpack-4.0.12/lib/action_dispatch/middleware/templates/rescues/diagnostics.erb within rescues/layout (14.2ms)


Started GET "/" for 127.0.0.1 at 2014-11-22 19:07:41 +0530
Processing by HomeController#index as HTML
Completed 500 Internal Server Error in 20ms

NoMethodError (undefined method `[]' for nil:NilClass):
  app/controllers/home_controller.rb:19:in `index'


  Rendered /home/chiragv/.rvm/gems/ruby-2.1.1/gems/actionpack-4.0.12/lib/action_dispatch/middleware/templates/rescues/_source.erb (0.7ms)
  Rendered /home/chiragv/.rvm/gems/ruby-2.1.1/gems/actionpack-4.0.12/lib/action_dispatch/middleware/templates/rescues/_trace.erb (1.2ms)
  Rendered /home/chiragv/.rvm/gems/ruby-2.1.1/gems/actionpack-4.0.12/lib/action_dispatch/middleware/templates/rescues/_request_and_response.erb (1.0ms)
  Rendered /home/chiragv/.rvm/gems/ruby-2.1.1/gems/actionpack-4.0.12/lib/action_dispatch/middleware/templates/rescues/diagnostics.erb within rescues/layout (11.8ms)


Started GET "/" for 127.0.0.1 at 2014-11-22 19:08:33 +0530
Processing by HomeController#index as HTML
Completed 500 Internal Server Error in 1ms

NoMethodError (undefined method `[]' for nil:NilClass):
  app/controllers/home_controller.rb:8:in `index'


  Rendered /home/chiragv/.rvm/gems/ruby-2.1.1/gems/actionpack-4.0.12/lib/action_dispatch/middleware/templates/rescues/_source.erb (0.8ms)
  Rendered /home/chiragv/.rvm/gems/ruby-2.1.1/gems/actionpack-4.0.12/lib/action_dispatch/middleware/templates/rescues/_trace.erb (1.4ms)
  Rendered /home/chiragv/.rvm/gems/ruby-2.1.1/gems/actionpack-4.0.12/lib/action_dispatch/middleware/templates/rescues/_request_and_response.erb (1.2ms)
  Rendered /home/chiragv/.rvm/gems/ruby-2.1.1/gems/actionpack-4.0.12/lib/action_dispatch/middleware/templates/rescues/diagnostics.erb within rescues/layout (11.0ms)


Started GET "/" for 127.0.0.1 at 2014-11-22 19:09:23 +0530
Processing by HomeController#index as HTML
Completed 500 Internal Server Error in 1ms

NoMethodError (undefined method `[]' for nil:NilClass):
  app/controllers/home_controller.rb:8:in `index'


  Rendered /home/chiragv/.rvm/gems/ruby-2.1.1/gems/actionpack-4.0.12/lib/action_dispatch/middleware/templates/rescues/_source.erb (0.9ms)
  Rendered /home/chiragv/.rvm/gems/ruby-2.1.1/gems/actionpack-4.0.12/lib/action_dispatch/middleware/templates/rescues/_trace.erb (1.2ms)
  Rendered /home/chiragv/.rvm/gems/ruby-2.1.1/gems/actionpack-4.0.12/lib/action_dispatch/middleware/templates/rescues/_request_and_response.erb (17.0ms)
  Rendered /home/chiragv/.rvm/gems/ruby-2.1.1/gems/actionpack-4.0.12/lib/action_dispatch/middleware/templates/rescues/diagnostics.erb within rescues/layout (27.2ms)


Started GET "/" for 127.0.0.1 at 2014-11-22 19:09:50 +0530
Processing by HomeController#index as HTML
Completed 500 Internal Server Error in 1ms

NoMethodError (undefined method `[]' for nil:NilClass):
  app/controllers/home_controller.rb:8:in `index'


  Rendered /home/chiragv/.rvm/gems/ruby-2.1.1/gems/actionpack-4.0.12/lib/action_dispatch/middleware/templates/rescues/_source.erb (0.8ms)
  Rendered /home/chiragv/.rvm/gems/ruby-2.1.1/gems/actionpack-4.0.12/lib/action_dispatch/middleware/templates/rescues/_trace.erb (1.2ms)
  Rendered /home/chiragv/.rvm/gems/ruby-2.1.1/gems/actionpack-4.0.12/lib/action_dispatch/middleware/templates/rescues/_request_and_response.erb (19.4ms)
  Rendered /home/chiragv/.rvm/gems/ruby-2.1.1/gems/actionpack-4.0.12/lib/action_dispatch/middleware/templates/rescues/diagnostics.erb within rescues/layout (29.7ms)


Started GET "/" for 127.0.0.1 at 2014-11-22 19:10:51 +0530
Processing by HomeController#index as HTML
Completed 500 Internal Server Error in 1ms

NoMethodError (undefined method `[]=' for nil:NilClass):
  app/controllers/home_controller.rb:8:in `index'


  Rendered /home/chiragv/.rvm/gems/ruby-2.1.1/gems/actionpack-4.0.12/lib/action_dispatch/middleware/templates/rescues/_source.erb (1.4ms)
  Rendered /home/chiragv/.rvm/gems/ruby-2.1.1/gems/actionpack-4.0.12/lib/action_dispatch/middleware/templates/rescues/_trace.erb (2.4ms)
  Rendered /home/chiragv/.rvm/gems/ruby-2.1.1/gems/actionpack-4.0.12/lib/action_dispatch/middleware/templates/rescues/_request_and_response.erb (20.9ms)
  Rendered /home/chiragv/.rvm/gems/ruby-2.1.1/gems/actionpack-4.0.12/lib/action_dispatch/middleware/templates/rescues/diagnostics.erb within rescues/layout (35.5ms)


Started GET "/" for 127.0.0.1 at 2014-11-22 19:11:49 +0530
Processing by HomeController#index as HTML
Completed 500 Internal Server Error in 2ms

ArgumentError (wrong number of arguments (0 for 1)):
  app/controllers/home_controller.rb:9:in `index'


  Rendered /home/chiragv/.rvm/gems/ruby-2.1.1/gems/actionpack-4.0.12/lib/action_dispatch/middleware/templates/rescues/_source.erb (0.8ms)
  Rendered /home/chiragv/.rvm/gems/ruby-2.1.1/gems/actionpack-4.0.12/lib/action_dispatch/middleware/templates/rescues/_trace.erb (2.4ms)
  Rendered /home/chiragv/.rvm/gems/ruby-2.1.1/gems/actionpack-4.0.12/lib/action_dispatch/middleware/templates/rescues/_request_and_response.erb (22.5ms)
  Rendered /home/chiragv/.rvm/gems/ruby-2.1.1/gems/actionpack-4.0.12/lib/action_dispatch/middleware/templates/rescues/diagnostics.erb within rescues/layout (35.1ms)


Started GET "/" for 127.0.0.1 at 2014-11-22 19:12:29 +0530
Processing by HomeController#index as HTML
  Rendered text template (0.0ms)
Completed 200 OK in 5ms (Views: 3.6ms | ActiveRecord: 0.0ms)


Started GET "/" for 127.0.0.1 at 2014-11-22 19:13:58 +0530
Processing by HomeController#index as HTML
  Rendered text template (0.0ms)
Completed 200 OK in 6ms (Views: 4.2ms | ActiveRecord: 0.0ms)


Started GET "/" for 127.0.0.1 at 2014-11-22 19:24:27 +0530
Processing by HomeController#index as HTML
  Rendered text template (0.0ms)
Completed 200 OK in 5ms (Views: 3.8ms | ActiveRecord: 0.0ms)


Started GET "/" for 127.0.0.1 at 2014-11-22 19:24:44 +0530
Processing by HomeController#index as HTML
  Rendered text template (0.0ms)
Completed 200 OK in 1ms (Views: 0.3ms | ActiveRecord: 0.0ms)


Started GET "/" for 127.0.0.1 at 2014-11-22 19:24:54 +0530
Processing by HomeController#index as HTML
  Rendered text template (0.0ms)
Completed 200 OK in 5ms (Views: 3.5ms | ActiveRecord: 0.0ms)


Started GET "/" for 127.0.0.1 at 2014-11-22 19:25:18 +0530
Processing by HomeController#index as HTML
  Rendered text template (0.0ms)
Completed 200 OK in 5ms (Views: 3.5ms | ActiveRecord: 0.0ms)


Started GET "/" for 127.0.0.1 at 2014-11-22 19:34:43 +0530
Processing by HomeController#index as HTML
  Rendered text template (0.0ms)
Completed 200 OK in 3ms (Views: 0.8ms | ActiveRecord: 0.0ms)


Started GET "/" for 127.0.0.1 at 2014-11-22 19:56:50 +0530

NoMethodError (undefined method `[]=' for nil:NilClass):
  actionpack (4.0.12) lib/action_dispatch/request/session.rb:169:in `load!'
  actionpack (4.0.12) lib/action_dispatch/request/session.rb:164:in `load_for_write!'
  actionpack (4.0.12) lib/action_dispatch/request/session.rb:153:in `merge!'
  actionpack (4.0.12) lib/action_dispatch/request/session.rb:13:in `create'
  actionpack (4.0.12) lib/action_dispatch/middleware/session/abstract_store.rb:69:in `prepare_session'
  rack (1.5.2) lib/rack/session/abstract/id.rb:224:in `context'
  rack (1.5.2) lib/rack/session/abstract/id.rb:220:in `call'
  actionpack (4.0.12) lib/action_dispatch/middleware/cookies.rb:486:in `call'
  activerecord (4.0.12) lib/active_record/query_cache.rb:36:in `call'
  activerecord (4.0.12) lib/active_record/connection_adapters/abstract/connection_pool.rb:626:in `call'
  activerecord (4.0.12) lib/active_record/migration.rb:373:in `call'
  actionpack (4.0.12) lib/action_dispatch/middleware/callbacks.rb:29:in `block in call'
  activesupport (4.0.12) lib/active_support/callbacks.rb:373:in `_run__760973008721746683__call__callbacks'
  activesupport (4.0.12) lib/active_support/callbacks.rb:80:in `run_callbacks'
  actionpack (4.0.12) lib/action_dispatch/middleware/callbacks.rb:27:in `call'
  actionpack (4.0.12) lib/action_dispatch/middleware/reloader.rb:64:in `call'
  actionpack (4.0.12) lib/action_dispatch/middleware/remote_ip.rb:76:in `call'
  actionpack (4.0.12) lib/action_dispatch/middleware/debug_exceptions.rb:17:in `call'
  actionpack (4.0.12) lib/action_dispatch/middleware/show_exceptions.rb:30:in `call'
  railties (4.0.12) lib/rails/rack/logger.rb:38:in `call_app'
  railties (4.0.12) lib/rails/rack/logger.rb:20:in `block in call'
  activesupport (4.0.12) lib/active_support/tagged_logging.rb:68:in `block in tagged'
  activesupport (4.0.12) lib/active_support/tagged_logging.rb:26:in `tagged'
  activesupport (4.0.12) lib/active_support/tagged_logging.rb:68:in `tagged'
  railties (4.0.12) lib/rails/rack/logger.rb:20:in `call'
  /home/chiragv/opensource/custom_cache/lib/custom_cache/middleware.rb:18:in `call'
  actionpack (4.0.12) lib/action_dispatch/middleware/request_id.rb:21:in `call'
  rack (1.5.2) lib/rack/methodoverride.rb:21:in `call'
  rack (1.5.2) lib/rack/runtime.rb:17:in `call'
  activesupport (4.0.12) lib/active_support/cache/strategy/local_cache.rb:83:in `call'
  rack (1.5.2) lib/rack/lock.rb:17:in `call'
  actionpack (4.0.12) lib/action_dispatch/middleware/static.rb:84:in `call'
  rack (1.5.2) lib/rack/sendfile.rb:112:in `call'
  railties (4.0.12) lib/rails/engine.rb:511:in `call'
  railties (4.0.12) lib/rails/application.rb:97:in `call'
  rack (1.5.2) lib/rack/lock.rb:17:in `call'
  rack (1.5.2) lib/rack/content_length.rb:14:in `call'
  rack (1.5.2) lib/rack/handler/webrick.rb:60:in `service'
  /home/chiragv/.rvm/rubies/ruby-2.1.1/lib/ruby/2.1.0/webrick/httpserver.rb:138:in `service'
  /home/chiragv/.rvm/rubies/ruby-2.1.1/lib/ruby/2.1.0/webrick/httpserver.rb:94:in `run'
  /home/chiragv/.rvm/rubies/ruby-2.1.1/lib/ruby/2.1.0/webrick/server.rb:295:in `block in start_thread'


  Rendered /home/chiragv/.rvm/gems/ruby-2.1.1/gems/actionpack-4.0.12/lib/action_dispatch/middleware/templates/rescues/_source.erb (1.1ms)
  Rendered /home/chiragv/.rvm/gems/ruby-2.1.1/gems/actionpack-4.0.12/lib/action_dispatch/middleware/templates/rescues/_trace.erb (1.5ms)
  Rendered /home/chiragv/.rvm/gems/ruby-2.1.1/gems/actionpack-4.0.12/lib/action_dispatch/middleware/templates/rescues/_request_and_response.erb (1.4ms)
  Rendered /home/chiragv/.rvm/gems/ruby-2.1.1/gems/actionpack-4.0.12/lib/action_dispatch/middleware/templates/rescues/diagnostics.erb within rescues/layout (15.1ms)


Started GET "/" for 127.0.0.1 at 2014-11-22 20:06:09 +0530

NoMethodError (undefined method `[]=' for nil:NilClass):
  actionpack (4.0.12) lib/action_dispatch/request/session.rb:169:in `load!'
  actionpack (4.0.12) lib/action_dispatch/request/session.rb:164:in `load_for_write!'
  actionpack (4.0.12) lib/action_dispatch/request/session.rb:153:in `merge!'
  actionpack (4.0.12) lib/action_dispatch/request/session.rb:13:in `create'
  actionpack (4.0.12) lib/action_dispatch/middleware/session/abstract_store.rb:69:in `prepare_session'
  rack (1.5.2) lib/rack/session/abstract/id.rb:224:in `context'
  rack (1.5.2) lib/rack/session/abstract/id.rb:220:in `call'
  actionpack (4.0.12) lib/action_dispatch/middleware/cookies.rb:486:in `call'
  activerecord (4.0.12) lib/active_record/query_cache.rb:36:in `call'
  activerecord (4.0.12) lib/active_record/connection_adapters/abstract/connection_pool.rb:626:in `call'
  activerecord (4.0.12) lib/active_record/migration.rb:373:in `call'
  actionpack (4.0.12) lib/action_dispatch/middleware/callbacks.rb:29:in `block in call'
  activesupport (4.0.12) lib/active_support/callbacks.rb:373:in `_run__4393318105501371133__call__callbacks'
  activesupport (4.0.12) lib/active_support/callbacks.rb:80:in `run_callbacks'
  actionpack (4.0.12) lib/action_dispatch/middleware/callbacks.rb:27:in `call'
  actionpack (4.0.12) lib/action_dispatch/middleware/reloader.rb:64:in `call'
  actionpack (4.0.12) lib/action_dispatch/middleware/remote_ip.rb:76:in `call'
  actionpack (4.0.12) lib/action_dispatch/middleware/debug_exceptions.rb:17:in `call'
  actionpack (4.0.12) lib/action_dispatch/middleware/show_exceptions.rb:30:in `call'
  railties (4.0.12) lib/rails/rack/logger.rb:38:in `call_app'
  railties (4.0.12) lib/rails/rack/logger.rb:20:in `block in call'
  activesupport (4.0.12) lib/active_support/tagged_logging.rb:68:in `block in tagged'
  activesupport (4.0.12) lib/active_support/tagged_logging.rb:26:in `tagged'
  activesupport (4.0.12) lib/active_support/tagged_logging.rb:68:in `tagged'
  railties (4.0.12) lib/rails/rack/logger.rb:20:in `call'
  /home/chiragv/opensource/custom_cache/lib/custom_cache/middleware.rb:17:in `call'
  actionpack (4.0.12) lib/action_dispatch/middleware/request_id.rb:21:in `call'
  rack (1.5.2) lib/rack/methodoverride.rb:21:in `call'
  rack (1.5.2) lib/rack/runtime.rb:17:in `call'
  activesupport (4.0.12) lib/active_support/cache/strategy/local_cache.rb:83:in `call'
  rack (1.5.2) lib/rack/lock.rb:17:in `call'
  actionpack (4.0.12) lib/action_dispatch/middleware/static.rb:84:in `call'
  rack (1.5.2) lib/rack/sendfile.rb:112:in `call'
  railties (4.0.12) lib/rails/engine.rb:511:in `call'
  railties (4.0.12) lib/rails/application.rb:97:in `call'
  rack (1.5.2) lib/rack/lock.rb:17:in `call'
  rack (1.5.2) lib/rack/content_length.rb:14:in `call'
  rack (1.5.2) lib/rack/handler/webrick.rb:60:in `service'
  /home/chiragv/.rvm/rubies/ruby-2.1.1/lib/ruby/2.1.0/webrick/httpserver.rb:138:in `service'
  /home/chiragv/.rvm/rubies/ruby-2.1.1/lib/ruby/2.1.0/webrick/httpserver.rb:94:in `run'
  /home/chiragv/.rvm/rubies/ruby-2.1.1/lib/ruby/2.1.0/webrick/server.rb:295:in `block in start_thread'


  Rendered /home/chiragv/.rvm/gems/ruby-2.1.1/gems/actionpack-4.0.12/lib/action_dispatch/middleware/templates/rescues/_source.erb (0.7ms)
  Rendered /home/chiragv/.rvm/gems/ruby-2.1.1/gems/actionpack-4.0.12/lib/action_dispatch/middleware/templates/rescues/_trace.erb (1.6ms)
  Rendered /home/chiragv/.rvm/gems/ruby-2.1.1/gems/actionpack-4.0.12/lib/action_dispatch/middleware/templates/rescues/_request_and_response.erb (1.4ms)
  Rendered /home/chiragv/.rvm/gems/ruby-2.1.1/gems/actionpack-4.0.12/lib/action_dispatch/middleware/templates/rescues/diagnostics.erb within rescues/layout (13.2ms)


Started GET "/" for 127.0.0.1 at 2014-11-22 20:56:38 +0530

NameError (undefined local variable or method `session' for #<CustomCache::Middleware:0x00000004cd9728>):
  /home/chiragv/opensource/custom_cache/lib/custom_cache/middleware.rb:14:in `call'
  actionpack (4.0.12) lib/action_dispatch/middleware/flash.rb:241:in `call'
  rack (1.5.2) lib/rack/session/abstract/id.rb:225:in `context'
  rack (1.5.2) lib/rack/session/abstract/id.rb:220:in `call'
  actionpack (4.0.12) lib/action_dispatch/middleware/cookies.rb:486:in `call'
  activerecord (4.0.12) lib/active_record/query_cache.rb:36:in `call'
  activerecord (4.0.12) lib/active_record/connection_adapters/abstract/connection_pool.rb:626:in `call'
  activerecord (4.0.12) lib/active_record/migration.rb:373:in `call'
  actionpack (4.0.12) lib/action_dispatch/middleware/callbacks.rb:29:in `block in call'
  activesupport (4.0.12) lib/active_support/callbacks.rb:373:in `_run__3354415245930618077__call__callbacks'
  activesupport (4.0.12) lib/active_support/callbacks.rb:80:in `run_callbacks'
  actionpack (4.0.12) lib/action_dispatch/middleware/callbacks.rb:27:in `call'
  actionpack (4.0.12) lib/action_dispatch/middleware/reloader.rb:64:in `call'
  actionpack (4.0.12) lib/action_dispatch/middleware/remote_ip.rb:76:in `call'
  actionpack (4.0.12) lib/action_dispatch/middleware/debug_exceptions.rb:17:in `call'
  actionpack (4.0.12) lib/action_dispatch/middleware/show_exceptions.rb:30:in `call'
  railties (4.0.12) lib/rails/rack/logger.rb:38:in `call_app'
  railties (4.0.12) lib/rails/rack/logger.rb:20:in `block in call'
  activesupport (4.0.12) lib/active_support/tagged_logging.rb:68:in `block in tagged'
  activesupport (4.0.12) lib/active_support/tagged_logging.rb:26:in `tagged'
  activesupport (4.0.12) lib/active_support/tagged_logging.rb:68:in `tagged'
  railties (4.0.12) lib/rails/rack/logger.rb:20:in `call'
  actionpack (4.0.12) lib/action_dispatch/middleware/request_id.rb:21:in `call'
  rack (1.5.2) lib/rack/methodoverride.rb:21:in `call'
  rack (1.5.2) lib/rack/runtime.rb:17:in `call'
  activesupport (4.0.12) lib/active_support/cache/strategy/local_cache.rb:83:in `call'
  rack (1.5.2) lib/rack/lock.rb:17:in `call'
  actionpack (4.0.12) lib/action_dispatch/middleware/static.rb:84:in `call'
  rack (1.5.2) lib/rack/sendfile.rb:112:in `call'
  railties (4.0.12) lib/rails/engine.rb:511:in `call'
  railties (4.0.12) lib/rails/application.rb:97:in `call'
  rack (1.5.2) lib/rack/lock.rb:17:in `call'
  rack (1.5.2) lib/rack/content_length.rb:14:in `call'
  rack (1.5.2) lib/rack/handler/webrick.rb:60:in `service'
  /home/chiragv/.rvm/rubies/ruby-2.1.1/lib/ruby/2.1.0/webrick/httpserver.rb:138:in `service'
  /home/chiragv/.rvm/rubies/ruby-2.1.1/lib/ruby/2.1.0/webrick/httpserver.rb:94:in `run'
  /home/chiragv/.rvm/rubies/ruby-2.1.1/lib/ruby/2.1.0/webrick/server.rb:295:in `block in start_thread'


  Rendered /home/chiragv/.rvm/gems/ruby-2.1.1/gems/actionpack-4.0.12/lib/action_dispatch/middleware/templates/rescues/_source.erb (0.6ms)
  Rendered /home/chiragv/.rvm/gems/ruby-2.1.1/gems/actionpack-4.0.12/lib/action_dispatch/middleware/templates/rescues/_trace.erb (1.1ms)
  Rendered /home/chiragv/.rvm/gems/ruby-2.1.1/gems/actionpack-4.0.12/lib/action_dispatch/middleware/templates/rescues/_request_and_response.erb (20.8ms)
  Rendered /home/chiragv/.rvm/gems/ruby-2.1.1/gems/actionpack-4.0.12/lib/action_dispatch/middleware/templates/rescues/diagnostics.erb within rescues/layout (30.3ms)


Started GET "/" for 127.0.0.1 at 2014-11-22 20:58:25 +0530

NoMethodError (undefined method `session' for ActionDispatch::Request:Class):
  /home/chiragv/opensource/custom_cache/lib/custom_cache/middleware.rb:14:in `call'
  actionpack (4.0.12) lib/action_dispatch/middleware/flash.rb:241:in `call'
  rack (1.5.2) lib/rack/session/abstract/id.rb:225:in `context'
  rack (1.5.2) lib/rack/session/abstract/id.rb:220:in `call'
  actionpack (4.0.12) lib/action_dispatch/middleware/cookies.rb:486:in `call'
  activerecord (4.0.12) lib/active_record/query_cache.rb:36:in `call'
  activerecord (4.0.12) lib/active_record/connection_adapters/abstract/connection_pool.rb:626:in `call'
  activerecord (4.0.12) lib/active_record/migration.rb:373:in `call'
  actionpack (4.0.12) lib/action_dispatch/middleware/callbacks.rb:29:in `block in call'
  activesupport (4.0.12) lib/active_support/callbacks.rb:373:in `_run__426290361171266378__call__callbacks'
  activesupport (4.0.12) lib/active_support/callbacks.rb:80:in `run_callbacks'
  actionpack (4.0.12) lib/action_dispatch/middleware/callbacks.rb:27:in `call'
  actionpack (4.0.12) lib/action_dispatch/middleware/reloader.rb:64:in `call'
  actionpack (4.0.12) lib/action_dispatch/middleware/remote_ip.rb:76:in `call'
  actionpack (4.0.12) lib/action_dispatch/middleware/debug_exceptions.rb:17:in `call'
  actionpack (4.0.12) lib/action_dispatch/middleware/show_exceptions.rb:30:in `call'
  railties (4.0.12) lib/rails/rack/logger.rb:38:in `call_app'
  railties (4.0.12) lib/rails/rack/logger.rb:20:in `block in call'
  activesupport (4.0.12) lib/active_support/tagged_logging.rb:68:in `block in tagged'
  activesupport (4.0.12) lib/active_support/tagged_logging.rb:26:in `tagged'
  activesupport (4.0.12) lib/active_support/tagged_logging.rb:68:in `tagged'
  railties (4.0.12) lib/rails/rack/logger.rb:20:in `call'
  actionpack (4.0.12) lib/action_dispatch/middleware/request_id.rb:21:in `call'
  rack (1.5.2) lib/rack/methodoverride.rb:21:in `call'
  rack (1.5.2) lib/rack/runtime.rb:17:in `call'
  activesupport (4.0.12) lib/active_support/cache/strategy/local_cache.rb:83:in `call'
  rack (1.5.2) lib/rack/lock.rb:17:in `call'
  actionpack (4.0.12) lib/action_dispatch/middleware/static.rb:84:in `call'
  rack (1.5.2) lib/rack/sendfile.rb:112:in `call'
  railties (4.0.12) lib/rails/engine.rb:511:in `call'
  railties (4.0.12) lib/rails/application.rb:97:in `call'
  rack (1.5.2) lib/rack/lock.rb:17:in `call'
  rack (1.5.2) lib/rack/content_length.rb:14:in `call'
  rack (1.5.2) lib/rack/handler/webrick.rb:60:in `service'
  /home/chiragv/.rvm/rubies/ruby-2.1.1/lib/ruby/2.1.0/webrick/httpserver.rb:138:in `service'
  /home/chiragv/.rvm/rubies/ruby-2.1.1/lib/ruby/2.1.0/webrick/httpserver.rb:94:in `run'
  /home/chiragv/.rvm/rubies/ruby-2.1.1/lib/ruby/2.1.0/webrick/server.rb:295:in `block in start_thread'


  Rendered /home/chiragv/.rvm/gems/ruby-2.1.1/gems/actionpack-4.0.12/lib/action_dispatch/middleware/templates/rescues/_source.erb (0.9ms)
  Rendered /home/chiragv/.rvm/gems/ruby-2.1.1/gems/actionpack-4.0.12/lib/action_dispatch/middleware/templates/rescues/_trace.erb (1.6ms)
  Rendered /home/chiragv/.rvm/gems/ruby-2.1.1/gems/actionpack-4.0.12/lib/action_dispatch/middleware/templates/rescues/_request_and_response.erb (19.3ms)
  Rendered /home/chiragv/.rvm/gems/ruby-2.1.1/gems/actionpack-4.0.12/lib/action_dispatch/middleware/templates/rescues/diagnostics.erb within rescues/layout (31.8ms)


Started GET "/" for 127.0.0.1 at 2014-11-22 20:59:11 +0530
Processing by HomeController#index as HTML
  Rendered text template (0.0ms)
Completed 200 OK in 20ms (Views: 3.4ms | ActiveRecord: 0.0ms)


Started GET "/" for 127.0.0.1 at 2014-11-22 21:00:04 +0530
Processing by HomeController#index as HTML
  Rendered text template (0.0ms)
Completed 200 OK in 24ms (Views: 3.5ms | ActiveRecord: 0.0ms)


Started GET "/" for 127.0.0.1 at 2014-11-22 21:01:10 +0530
Processing by HomeController#index as HTML
  Rendered text template (0.1ms)
Completed 200 OK in 21ms (Views: 4.2ms | ActiveRecord: 0.0ms)


Started GET "/" for 127.0.0.1 at 2014-11-22 21:02:07 +0530
Processing by HomeController#index as HTML
  Rendered text template (0.0ms)
Completed 200 OK in 7ms (Views: 5.4ms | ActiveRecord: 0.0ms)


Started GET "/" for 127.0.0.1 at 2014-11-22 21:03:16 +0530
Processing by HomeController#index as HTML
  Rendered text template (0.0ms)
Completed 200 OK in 5ms (Views: 3.6ms | ActiveRecord: 0.0ms)


Started GET "/" for 127.0.0.1 at 2014-11-22 21:03:51 +0530
Processing by HomeController#index as HTML
  Rendered text template (0.0ms)
Completed 200 OK in 3ms (Views: 0.5ms | ActiveRecord: 0.0ms)


Started GET "/" for 127.0.0.1 at 2014-11-22 21:05:41 +0530
Processing by HomeController#index as HTML
  Rendered text template (0.0ms)
Completed 200 OK in 7ms (Views: 5.4ms | ActiveRecord: 0.0ms)


Started GET "/" for 127.0.0.1 at 2014-11-22 21:05:57 +0530
Processing by HomeController#index as HTML
  Rendered text template (0.0ms)
Completed 200 OK in 5ms (Views: 3.4ms | ActiveRecord: 0.0ms)


Started GET "/" for 127.0.0.1 at 2014-11-22 21:11:23 +0530
Processing by HomeController#index as HTML
Completed 500 Internal Server Error in 2ms

NoMethodError (private method `new' called for CustomCache::SessionCache:Class):
  app/controllers/home_controller.rb:11:in `index'


  Rendered /home/chiragv/.rvm/gems/ruby-2.1.1/gems/actionpack-4.0.12/lib/action_dispatch/middleware/templates/rescues/_source.erb (1.1ms)
  Rendered /home/chiragv/.rvm/gems/ruby-2.1.1/gems/actionpack-4.0.12/lib/action_dispatch/middleware/templates/rescues/_trace.erb (2.0ms)
  Rendered /home/chiragv/.rvm/gems/ruby-2.1.1/gems/actionpack-4.0.12/lib/action_dispatch/middleware/templates/rescues/_request_and_response.erb (1.3ms)
  Rendered /home/chiragv/.rvm/gems/ruby-2.1.1/gems/actionpack-4.0.12/lib/action_dispatch/middleware/templates/rescues/diagnostics.erb within rescues/layout (13.9ms)


Started GET "/" for 127.0.0.1 at 2014-11-22 21:12:22 +0530
Processing by HomeController#index as HTML
  Rendered text template (0.0ms)
Completed 200 OK in 5ms (Views: 3.6ms | ActiveRecord: 0.0ms)


Started GET "/" for 127.0.0.1 at 2014-11-22 21:13:30 +0530
Processing by HomeController#index as HTML
  Rendered text template (0.0ms)
Completed 200 OK in 6ms (Views: 4.4ms | ActiveRecord: 0.0ms)


Started GET "/" for 127.0.0.1 at 2014-11-22 21:13:59 +0530
Processing by HomeController#index as HTML
  Rendered text template (0.0ms)
Completed 200 OK in 11ms (Views: 4.3ms | ActiveRecord: 0.0ms)


Started GET "/" for 127.0.0.1 at 2014-11-22 21:15:48 +0530
Processing by HomeController#index as HTML
  Rendered text template (0.0ms)
Completed 200 OK in 8ms (Views: 4.2ms | ActiveRecord: 0.0ms)


Started GET "/" for 127.0.0.1 at 2014-11-22 21:16:50 +0530
Processing by HomeController#index as HTML
Completed 500 Internal Server Error in 2ms

IndexError (string not matched):
  app/controllers/home_controller.rb:11:in `index'


  Rendered /home/chiragv/.rvm/gems/ruby-2.1.1/gems/actionpack-4.0.12/lib/action_dispatch/middleware/templates/rescues/_source.erb (1.1ms)
  Rendered /home/chiragv/.rvm/gems/ruby-2.1.1/gems/actionpack-4.0.12/lib/action_dispatch/middleware/templates/rescues/_trace.erb (2.0ms)
  Rendered /home/chiragv/.rvm/gems/ruby-2.1.1/gems/actionpack-4.0.12/lib/action_dispatch/middleware/templates/rescues/_request_and_response.erb (1.5ms)
  Rendered /home/chiragv/.rvm/gems/ruby-2.1.1/gems/actionpack-4.0.12/lib/action_dispatch/middleware/templates/rescues/diagnostics.erb within rescues/layout (14.9ms)


Started GET "/" for 127.0.0.1 at 2014-11-22 21:18:10 +0530
Processing by HomeController#index as HTML
Completed 500 Internal Server Error in 2ms

IndexError (string not matched):
  app/controllers/home_controller.rb:11:in `index'


  Rendered /home/chiragv/.rvm/gems/ruby-2.1.1/gems/actionpack-4.0.12/lib/action_dispatch/middleware/templates/rescues/_source.erb (1.1ms)
  Rendered /home/chiragv/.rvm/gems/ruby-2.1.1/gems/actionpack-4.0.12/lib/action_dispatch/middleware/templates/rescues/_trace.erb (1.2ms)
  Rendered /home/chiragv/.rvm/gems/ruby-2.1.1/gems/actionpack-4.0.12/lib/action_dispatch/middleware/templates/rescues/_request_and_response.erb (0.9ms)
  Rendered /home/chiragv/.rvm/gems/ruby-2.1.1/gems/actionpack-4.0.12/lib/action_dispatch/middleware/templates/rescues/diagnostics.erb within rescues/layout (13.0ms)


Started GET "/" for 127.0.0.1 at 2014-11-22 22:35:38 +0530
Processing by HomeController#index as HTML
Completed 500 Internal Server Error in 2ms

IndexError (string not matched):
  app/controllers/home_controller.rb:11:in `index'


  Rendered /home/chiragv/.rvm/gems/ruby-2.1.1/gems/actionpack-4.0.12/lib/action_dispatch/middleware/templates/rescues/_source.erb (1.0ms)
  Rendered /home/chiragv/.rvm/gems/ruby-2.1.1/gems/actionpack-4.0.12/lib/action_dispatch/middleware/templates/rescues/_trace.erb (1.4ms)
  Rendered /home/chiragv/.rvm/gems/ruby-2.1.1/gems/actionpack-4.0.12/lib/action_dispatch/middleware/templates/rescues/_request_and_response.erb (1.1ms)
  Rendered /home/chiragv/.rvm/gems/ruby-2.1.1/gems/actionpack-4.0.12/lib/action_dispatch/middleware/templates/rescues/diagnostics.erb within rescues/layout (11.9ms)


Started GET "/" for 127.0.0.1 at 2014-11-22 22:36:48 +0530
Processing by HomeController#index as HTML
Completed 500 Internal Server Error in 3ms

IndexError (string not matched):
  app/controllers/home_controller.rb:11:in `index'


  Rendered /home/chiragv/.rvm/gems/ruby-2.1.1/gems/actionpack-4.0.12/lib/action_dispatch/middleware/templates/rescues/_source.erb (1.2ms)
  Rendered /home/chiragv/.rvm/gems/ruby-2.1.1/gems/actionpack-4.0.12/lib/action_dispatch/middleware/templates/rescues/_trace.erb (2.1ms)
  Rendered /home/chiragv/.rvm/gems/ruby-2.1.1/gems/actionpack-4.0.12/lib/action_dispatch/middleware/templates/rescues/_request_and_response.erb (2.0ms)
  Rendered /home/chiragv/.rvm/gems/ruby-2.1.1/gems/actionpack-4.0.12/lib/action_dispatch/middleware/templates/rescues/diagnostics.erb within rescues/layout (16.3ms)


Started GET "/" for 127.0.0.1 at 2014-11-22 22:39:09 +0530
Processing by HomeController#index as HTML
  Rendered text template (0.0ms)
Completed 200 OK in 6ms (Views: 3.9ms | ActiveRecord: 0.0ms)


Started GET "/" for 127.0.0.1 at 2014-11-22 22:40:26 +0530
Processing by HomeController#index as HTML
  Rendered text template (0.0ms)
Completed 200 OK in 4ms (Views: 0.9ms | ActiveRecord: 0.0ms)


Started GET "/" for 127.0.0.1 at 2014-11-22 22:41:24 +0530
Processing by HomeController#index as HTML
  Rendered text template (0.1ms)
Completed 200 OK in 6ms (Views: 4.0ms | ActiveRecord: 0.0ms)


Started GET "/" for 127.0.0.1 at 2014-11-22 22:47:11 +0530
Processing by HomeController#index as HTML
  Rendered text template (0.0ms)
Completed 200 OK in 7ms (Views: 4.3ms | ActiveRecord: 0.0ms)


Started GET "/" for 127.0.0.1 at 2014-11-22 22:47:55 +0530
Processing by HomeController#index as HTML
  Rendered text template (0.0ms)
Completed 200 OK in 2ms (Views: 0.7ms | ActiveRecord: 0.0ms)
